<?xml version="1.0" encoding="UTF-8"?>
<!-- Generated by org.testng.reporters.JUnitReportReporter -->
<testsuite skipped="0" hostname="W2706940BZ76V" name="com.qa.tests.Demo1" tests="4" failures="0" timestamp="13 Nov 2017 09:18:11 GMT" time="0.014" errors="0">
  <testcase name="sum" time="0.001" classname="com.qa.tests.Demo1"/>
  <testcase name="mul" time="0.001" classname="com.qa.tests.Demo1"/>
  <testcase name="div" time="0.011" classname="com.qa.tests.Demo1"/>
  <testcase name="sub" time="0.001" classname="com.qa.tests.Demo1"/>
</testsuite> <!-- com.qa.tests.Demo1 -->
