<?xml version="1.0" encoding="UTF-8"?>
<!-- Generated by org.testng.reporters.JUnitReportReporter -->
<testsuite skipped="0" hostname="W2706940BZ76V" name="com.qa.tests.GetAPITest" tests="1" failures="0" timestamp="15 Nov 2017 07:02:49 GMT" time="3.666" errors="0">
  <testcase name="getTest" time="3.666" classname="com.qa.tests.GetAPITest"/>
</testsuite> <!-- com.qa.tests.GetAPITest -->
