<?xml version="1.0" encoding="UTF-8"?>
<!-- Generated by org.testng.reporters.JUnitReportReporter -->
<testsuite skipped="0" hostname="W2706940BZ76V" name="com.qa.tests.Demo1Test" tests="4" failures="0" timestamp="19 Nov 2017 17:34:05 GMT" time="0.011" errors="0">
  <testcase name="sub" time="0.001" classname="com.qa.tests.Demo1Test"/>
  <testcase name="sum" time="0.000" classname="com.qa.tests.Demo1Test"/>
  <testcase name="mul" time="0.001" classname="com.qa.tests.Demo1Test"/>
  <testcase name="div" time="0.009" classname="com.qa.tests.Demo1Test"/>
</testsuite> <!-- com.qa.tests.Demo1Test -->
